2021-08-24 23:09:36 | [Whippy#5392] (535414566838992906) CaT
2021-08-24 23:09:36 | [iPirie#8558] (436876982794452992) #echo banana
2021-08-24 23:09:36 | [iPirie#8558] (436876982794452992) cool
2021-08-24 23:09:36 | [iPirie#8558] (436876982794452992) yea the verification thing is my little bb
2021-08-24 23:09:36 | [Whippy#5392] (535414566838992906) Cool
2021-08-24 23:09:36 | [iPirie#8558] (436876982794452992) https://github.com/Ru-Pirie/barton-peveril-college-bot/blob/main/src/events/discord/verification.event.js
2021-08-24 23:09:36 | [iPirie#8558] (436876982794452992) anddd
2021-08-24 23:09:36 | [iPirie#8558] (436876982794452992) https://github.com/Ru-Pirie/barton-peveril-college-bot/blob/main/src/events/web/verification.event.js
2021-08-24 23:09:36 | [iPirie#8558] (436876982794452992) thats the main verification code
2021-08-24 23:09:36 | [MadMan#5592] (500040191130730496) Hows your cats
2021-08-24 23:09:36 | [MadMan#5592] (500040191130730496) Do they got the covid
2021-08-24 23:09:36 | [Whippy#5392] (535414566838992906) https://tenor.com/view/operation-idea-anakin-skywalker-star-wars-hold-on-gif-15341022
2021-08-24 23:09:36 | [Whippy#5392] (535414566838992906) I hope I done introduction right
2021-08-24 23:09:36 | [shayoyem#0017] (206857920279740416) don't run from me, you can't have it any other way
2021-08-24 23:09:36 | [shayoyem#0017] (206857920279740416) it’s me or no one
2021-08-24 23:09:36 | [shayoyem#0017] (206857920279740416) if you leave, I'll take your life away like you were no one
2021-08-24 23:09:36 | [Whippy#5392] (535414566838992906) Olright
2021-08-24 23:09:36 | [stealyourspoons#1124] (829254402408710154) hello
2021-08-24 23:09:36 | [stealyourspoons#1124] (829254402408710154) https://cdn.discordapp.com/attachments/875736589836365867/879855716666576947/Snapchat-698269472.jpg
2021-08-24 23:09:36 | [Karrotz#6279] (259739180660162561) It's your introduction you can put whatever you like and it'll be right
2021-08-24 23:09:36 | [Karrotz#6279] (259739180660162561) It may not make sense, but it'll be right
2021-08-24 23:09:36 | [Karrotz#6279] (259739180660162561) Hello
2021-08-24 23:09:36 | [Whippy#5392] (535414566838992906) I'm sure it is good
2021-08-24 23:09:36 | [Karrotz#6279] (259739180660162561) Nice dog yo
2021-08-24 23:09:36 | [stealyourspoons#1124] (829254402408710154) yes
2021-08-24 23:09:36 | [Karrotz#6279] (259739180660162561) It was informative so I'd say it was good
2021-08-24 23:09:36 | [stealyourspoons#1124] (829254402408710154) what's happened today on here what's going onn
2021-08-24 23:09:36 | [Whippy#5392] (535414566838992906) Quite
2021-08-24 23:09:36 | [Karrotz#6279] (259739180660162561) A lot of new ppl are joining
2021-08-24 23:09:36 | [Karrotz#6279] (259739180660162561) So that's good
2021-08-24 23:09:36 | [Karrotz#6279] (259739180660162561) As long as none if them are pedos I'm sure they'll be welcomed
2021-08-24 23:09:36 | [Whippy#5392] (535414566838992906) I suppose that is good for the health of the channel
2021-08-24 23:09:36 | [Whippy#5392] (535414566838992906) Server
2021-08-24 23:09:36 | [Karrotz#6279] (259739180660162561) Yea I agree
2021-08-24 23:09:36 | [stealyourspoons#1124] (829254402408710154) yes
2021-08-24 23:09:36 | [stealyourspoons#1124] (829254402408710154) I can't sleep and I want toast but my dog fucking steals it
2021-08-24 23:09:36 | [stealyourspoons#1124] (829254402408710154) Bitch came into my room halfway through the night yesterday and fucking threw up on my bed
2021-08-24 23:09:36 | [Whippy#5392] (535414566838992906) Calm
2021-08-24 23:09:36 | [stealyourspoons#1124] (829254402408710154) she's a greedy dog
2021-08-24 23:09:36 | [stealyourspoons#1124] (829254402408710154) she's a hoover
2021-08-24 23:09:36 | [stealyourspoons#1124] (829254402408710154) I'm only joking BTW lol, not acc angry
2021-08-24 23:09:36 | [Whippy#5392] (535414566838992906) I could get that
2021-08-24 23:09:36 | [stealyourspoons#1124] (829254402408710154) yes
2021-08-24 23:09:36 | [chocfrog#6214] (237231509872967680) CERYS HELLO
2021-08-24 23:09:36 | [Vyp#9573] (527108408906743808) which cerys is this
2021-08-24 23:09:36 | [chocfrog#6214] (237231509872967680) the uh
2021-08-24 23:09:36 | [chocfrog#6214] (237231509872967680) other one
2021-08-24 23:09:36 | [Whippy#5392] (535414566838992906) Easy for you to say, I don't even know any
2021-08-24 23:09:36 | [chocfrog#6214] (237231509872967680) the insta one
2021-08-24 23:09:36 | [matt.#5555] (265905443086401537) omg tom!
2021-08-24 23:09:36 | [Whippy#5392] (535414566838992906) Ayyyy tom
2021-08-24 23:09:36 | [jess#2274] (310454107737554954) 37 kill win whoop whoop
2021-08-24 23:09:36 | [Vyp#9573] (527108408906743808) woop
2021-08-24 23:09:36 | [stealyourspoons#1124] (829254402408710154) HELLO TOMCAT
2021-08-24 23:09:36 | [stealyourspoons#1124] (829254402408710154) HELLO MATTRESS
2021-08-24 23:09:36 | [stealyourspoons#1124] (829254402408710154) HELLO JESSCAT
2021-08-24 23:09:36 | [jess#2274] (310454107737554954) HELLO
2021-08-24 23:09:36 | [stealyourspoons#1124] (829254402408710154) HOW IS EVERYONE
2021-08-24 23:09:36 | [Vyp#9573] (527108408906743808) good thank you
2021-08-24 23:09:36 | [stealyourspoons#1124] (829254402408710154) remember the pig cult, of my dog
2021-08-24 23:09:36 | [Vyp#9573] (527108408906743808) which cerys are you
2021-08-24 23:09:36 | [stealyourspoons#1124] (829254402408710154) powell
2021-08-24 23:09:36 | [Vyp#9573] (527108408906743808) ah okay
2021-08-24 23:09:36 | [Vyp#9573] (527108408906743808) thank you
2021-08-24 23:09:36 | [stealyourspoons#1124] (829254402408710154) one that made the insta gc if your luke brownlow
2021-08-24 23:09:36 | [Vyp#9573] (527108408906743808) yeah ahha
2021-08-24 23:09:36 | [Vyp#9573] (527108408906743808) haha*
2021-08-24 23:09:36 | [stealyourspoons#1124] (829254402408710154) whys everyone asleep
2021-08-24 23:09:36 | [Vyp#9573] (527108408906743808) I'm going to bed soon
2021-08-24 23:09:36 | [Vyp#9573] (527108408906743808) I'm so tired
2021-08-24 23:09:36 | [stealyourspoons#1124] (829254402408710154) go to sleep don't stay up
2021-08-24 23:09:36 | [stealyourspoons#1124] (829254402408710154) that's bad
2021-08-24 23:09:36 | [Vyp#9573] (527108408906743808) I was doing post enrolement
2021-08-24 23:09:36 | [jess#2274] (310454107737554954) IM DOING GOOOD
2021-08-24 23:09:36 | [Vyp#9573] (527108408906743808) Now I'm just listenuing to music
2021-08-24 23:09:36 | [stealyourspoons#1124] (829254402408710154) HELLO
2021-08-24 23:09:36 | [Vyp#9573] (527108408906743808) listening
2021-08-24 23:09:36 | [stealyourspoons#1124] (829254402408710154) yes
2021-08-24 23:09:36 | [Vyp#9573] (527108408906743808) I like music
2021-08-24 23:09:36 | [Vyp#9573] (527108408906743808) It's soothing
2021-08-24 23:09:36 | [Vyp#9573] (527108408906743808) I mean it depends on the type
2021-08-24 23:09:36 | [stealyourspoons#1124] (829254402408710154) jess my dog threw up on my bed yesterday night and what music
2021-08-24 23:09:36 | [Vyp#9573] (527108408906743808) sad music <:sunglasses_crying:806879867361558579>
2021-08-24 23:09:36 | [Vyp#9573] (527108408906743808) oh dear that's not good
2021-08-24 23:09:36 | [stealyourspoons#1124] (829254402408710154) #depreshun
2021-08-24 23:09:36 | [Vyp#9573] (527108408906743808) #depreshin
2021-08-24 23:09:36 | [stealyourspoons#1124] (829254402408710154) #brocken
2021-08-24 23:09:36 | [Vyp#9573] (527108408906743808) #bwoken
2021-08-24 23:09:36 | [Vyp#9573] (527108408906743808) hehe
2021-08-24 23:09:36 | [stealyourspoons#1124] (829254402408710154) #emo
2021-08-24 23:09:36 | [Vyp#9573] (527108408906743808) it's bwoken
2021-08-24 23:09:36 | [Vyp#9573] (527108408906743808) #eemoh
2021-08-24 23:09:36 | [stealyourspoons#1124] (829254402408710154) oh i thought it was brocken
2021-08-24 23:09:36 | [Vyp#9573] (527108408906743808) It's a lando norris quote
2021-08-24 23:09:36 | [jess#2274] (310454107737554954) lovely lol
2021-08-24 23:09:36 | [Vyp#9573] (527108408906743808) He's an f1 driver
2021-08-24 23:09:36 | [stealyourspoons#1124] (829254402408710154) yes my dogs kibble in her sick, very lovely 🍴
2021-08-24 23:09:36 | [Vyp#9573] (527108408906743808) kibble?
2021-08-24 23:09:36 | [stealyourspoons#1124] (829254402408710154) (Only jk(
2021-08-24 23:09:36 | [stealyourspoons#1124] (829254402408710154) idk some dry shit she eats idk
2021-08-24 23:09:36 | [stealyourspoons#1124] (829254402408710154) my dad feeds her
2021-08-24 23:09:36 | [stealyourspoons#1124] (829254402408710154) she eats everything that's why she's called pig
2021-08-24 23:09:36 | [Vyp#9573] (527108408906743808) HAHA
2021-08-24 23:09:36 | [Vyp#9573] (527108408906743808) That's a lovely name
2021-08-24 23:09:36 | [Vyp#9573] (527108408906743808) My dog eat a whole raw chicken breast once
2021-08-24 23:09:36 | [stealyourspoons#1124] (829254402408710154) literally her actual name is daisy but we never call her that it's just pig now (nickname) and why a whole one 😫
2021-08-24 23:09:36 | [Vyp#9573] (527108408906743808) She wolfed it whole
2021-08-24 23:09:36 | [stealyourspoons#1124] (829254402408710154) those salmonella thingies were shaking in their boots
2021-08-24 23:09:36 | [stealyourspoons#1124] (829254402408710154) my dog ate half a bag of minstrels once
2021-08-24 23:09:36 | [Vyp#9573] (527108408906743808) Content: She also did this  (https://cdn.discordapp.com/attachments/875736589836365867/879868912160870450/image0.jpg)
2021-08-24 23:09:36 | [stealyourspoons#1124] (829254402408710154) didn't even throw up
2021-08-24 23:09:36 | [Vyp#9573] (527108408906743808) what
2021-08-24 23:09:36 | [stealyourspoons#1124] (829254402408710154) what's that
2021-08-24 23:09:36 | [Vyp#9573] (527108408906743808) a shoe
2021-08-24 23:09:36 | [stealyourspoons#1124] (829254402408710154) oh why did she do that
2021-08-24 23:09:36 | [stealyourspoons#1124] (829254402408710154) oh no
2021-08-24 23:09:36 | [rhianna#0043] (457956464326344714) wtf is that
2021-08-24 23:09:36 | [Vyp#9573] (527108408906743808) a shoe
2021-08-24 23:09:36 | [stealyourspoons#1124] (829254402408710154) a shoe
2021-08-24 23:09:36 | [Vyp#9573] (527108408906743808) 😭
2021-08-24 23:09:36 | [rhianna#0043] (457956464326344714) should i ask?
2021-08-24 23:09:36 | [stealyourspoons#1124] (829254402408710154) rip cinderella
2021-08-24 23:09:36 | [stealyourspoons#1124] (829254402408710154) yes
2021-08-24 23:09:36 | [Vyp#9573] (527108408906743808) my dog eat it
2021-08-24 23:09:36 | [rhianna#0043] (457956464326344714) oh right
2021-08-24 23:09:36 | [stealyourspoons#1124] (829254402408710154) his dog ate cinderella
2021-08-24 23:09:36 | [rhianna#0043] (457956464326344714) shame
2021-08-24 23:09:36 | [Vyp#9573] (527108408906743808) that's all we could salvage from the body
2021-08-24 23:09:36 | [Vyp#9573] (527108408906743808) and the 2kg bag of dog food next to it
2021-08-24 23:09:36 | [rhianna#0043] (457956464326344714) i mean
2021-08-24 23:09:36 | [rhianna#0043] (457956464326344714) still looks wearable
2021-08-24 23:09:36 | [rhianna#0043] (457956464326344714) 🥴
2021-08-24 23:09:36 | [stealyourspoons#1124] (829254402408710154) THE SHOE FITS
2021-08-24 23:09:36 | [Vyp#9573] (527108408906743808) what 😭
2021-08-24 23:09:36 | [rhianna#0043] (457956464326344714) i said what i said
2021-08-24 23:09:36 | [stealyourspoons#1124] (829254402408710154) ikr
2021-08-24 23:09:36 | [Vyp#9573] (527108408906743808) when you used to wear crocs did you use the back strap or not
2021-08-24 23:09:36 | [rhianna#0043] (457956464326344714) i never wore crocs
2021-08-24 23:09:36 | [rhianna#0043] (457956464326344714) i thought they were weird
2021-08-24 23:09:36 | [Vyp#9573] (527108408906743808) what
2021-08-24 23:09:36 | [chocfrog#6214] (237231509872967680) WHAT
2021-08-24 23:09:36 | [stealyourspoons#1124] (829254402408710154) a shoe like that would make my outfit #qUiRky🤪
2021-08-24 23:09:36 | [rhianna#0043] (457956464326344714) woah
2021-08-24 23:09:36 | [chocfrog#6214] (237231509872967680) ..
2021-08-24 23:09:36 | [stealyourspoons#1124] (829254402408710154) you
2021-08-24 23:09:36 | [stealyourspoons#1124] (829254402408710154) never
2021-08-24 23:09:36 | [stealyourspoons#1124] (829254402408710154) wore
2021-08-24 23:09:36 | [rhianna#0043] (457956464326344714) i used to judge ppl for wearing crocs
2021-08-24 23:09:36 | [chocfrog#6214] (237231509872967680) crocs are peng
2021-08-24 23:09:36 | [stealyourspoons#1124] (829254402408710154) crocs?!
2021-08-24 23:09:36 | [Vyp#9573] (527108408906743808) https://gyazo.com/0b6f47aa183b7c0085821723ebccc439
2021-08-24 23:09:36 | [rhianna#0043] (457956464326344714) nope
2021-08-24 23:09:36 | [rhianna#0043] (457956464326344714) why
2021-08-24 23:09:36 | [stealyourspoons#1124] (829254402408710154) nooo
2021-08-24 23:09:36 | [rhianna#0043] (457956464326344714) would you ss that
2021-08-24 23:09:36 | [Vyp#9573] (527108408906743808) It's not a screenshot
2021-08-24 23:09:36 | [chocfrog#6214] (237231509872967680) <a:sadstitch:824305816307761152>
2021-08-24 23:09:36 | [Vyp#9573] (527108408906743808) It's just on a website
2021-08-24 23:09:36 | [rhianna#0043] (457956464326344714) wtaf
2021-08-24 23:09:36 | [stealyourspoons#1124] (829254402408710154) I need to go to sleep before I stay awake talking on gcs
2021-08-24 23:09:36 | [chocfrog#6214] (237231509872967680) lmfao
2021-08-24 23:09:36 | [rhianna#0043] (457956464326344714) i’m confused
2021-08-24 23:09:36 | [Vyp#9573] (527108408906743808) also did you get those little pin things
2021-08-24 23:09:36 | [chocfrog#6214] (237231509872967680) NO CERYS
2021-08-24 23:09:36 | [chocfrog#6214] (237231509872967680) i bet youll end up speaking on the insta gc
2021-08-24 23:09:36 | [rhianna#0043] (457956464326344714) who what luke
2021-08-24 23:09:36 | [stealyourspoons#1124] (829254402408710154) I need sleep I'm taking my grandmother to the lunch club tomorrow at church 🥲
2021-08-24 23:09:36 | [stealyourspoons#1124] (829254402408710154) and probably
2021-08-24 23:09:36 | [chocfrog#6214] (237231509872967680) aaaa good luck, sleep well
2021-08-24 23:09:36 | [Vyp#9573] (527108408906743808) Those pin things you'd put in the holes in the top of the crocs
2021-08-24 23:09:36 | [rhianna#0043] (457956464326344714) night cerys
2021-08-24 23:09:36 | [Vyp#9573] (527108408906743808) I might sleep too
2021-08-24 23:09:36 | [stealyourspoons#1124] (829254402408710154) goodnight
2021-08-24 23:09:36 | [Vyp#9573] (527108408906743808) Night 🙂
2021-08-24 23:09:36 | [stealyourspoons#1124] (829254402408710154) sleep well everyone
2021-08-24 23:09:36 | [rhianna#0043] (457956464326344714) i never had crocs so why would i have the pin things
2021-08-24 23:09:36 | [Vyp#9573] (527108408906743808) You too
2021-08-24 23:09:36 | [chocfrog#6214] (237231509872967680) <:heartEyes:804030644589297714>
2021-08-24 23:09:36 | [rhianna#0043] (457956464326344714) guys guess what
2021-08-24 23:09:36 | [rhianna#0043] (457956464326344714) i’m in the kitchen again
2021-08-24 23:09:36 | [chocfrog#6214] (237231509872967680) WHART
2021-08-24 23:09:36 | [chocfrog#6214] (237231509872967680) ah yes
2021-08-24 23:09:36 | [Vyp#9573] (527108408906743808) https://cdn.discordapp.com/attachments/875736589836365867/879870025605971998/OIP.png
2021-08-24 23:09:36 | [chocfrog#6214] (237231509872967680) where
2021-08-24 23:09:36 | [Vyp#9573] (527108408906743808) those
2021-08-24 23:09:36 | [chocfrog#6214] (237231509872967680) i was about to make a joke but i dont wanna get cancelled sorry anna
2021-08-24 23:09:36 | [rhianna#0043] (457956464326344714) 🙄
2021-08-24 23:09:36 | [jess#2274] (310454107737554954) make the joke legendary tomcat
2021-08-24 23:09:36 | [rhianna#0043] (457956464326344714) it’s okay you can say it idc
2021-08-24 23:09:36 | [chocfrog#6214] (237231509872967680) where you belong
2021-08-24 23:09:36 | [rhianna#0043] (457956464326344714) ty
2021-08-24 23:09:36 | [Vyp#9573] (527108408906743808) 😭
2021-08-24 23:09:36 | [rhianna#0043] (457956464326344714) i’ll make you a sandwich aswell
2021-08-24 23:09:36 | [chocfrog#6214] (237231509872967680) 😘
2021-08-24 23:09:36 | [chocfrog#6214] (237231509872967680) LMFAO
2021-08-24 23:09:36 | [chocfrog#6214] (237231509872967680) IMSORRY
2021-08-24 23:09:36 | [jess#2274] (310454107737554954) lmfao poor anna
2021-08-24 23:09:36 | [Vyp#9573] (527108408906743808) what's everyone's go to sandwich filling
2021-08-24 23:09:36 | [rhianna#0043] (457956464326344714) tuna
2021-08-24 23:09:36 | [jess#2274] (310454107737554954) cu
2021-08-24 23:09:36 | [rhianna#0043] (457956464326344714) m
2021-08-24 23:09:36 | [jess#2274] (310454107737554954) lmfao
2021-08-24 23:09:36 | [Vyp#9573] (527108408906743808) LOL
2021-08-24 23:09:36 | [chocfrog#6214] (237231509872967680) tuna
2021-08-24 23:09:36 | [chocfrog#6214] (237231509872967680) or eggmayo
2021-08-24 23:09:36 | [Vyp#9573] (527108408906743808) tuna ew
2021-08-24 23:09:36 | [rhianna#0043] (457956464326344714) egg mayo are you mad
2021-08-24 23:09:36 | [chocfrog#6214] (237231509872967680) no..
2021-08-24 23:09:36 | [chocfrog#6214] (237231509872967680) dont diss it
2021-08-24 23:09:36 | [Not Gator#0002] (756383660881608774) pickles no cap 😫
2021-08-24 23:09:36 | [chocfrog#6214] (237231509872967680) PICKLES
2021-08-24 23:09:36 | [rhianna#0043] (457956464326344714) it is dissed
2021-08-24 23:09:36 | [Vyp#9573] (527108408906743808) egg <a:vomit:719702904218321007>
2021-08-24 23:09:36 | [rhianna#0043] (457956464326344714) PICKLES WTF
2021-08-24 23:09:36 | [chocfrog#6214] (237231509872967680) EGG IS BETTER THAN PICKLE
2021-08-24 23:09:36 | [Vyp#9573] (527108408906743808) <a:vomit:719702904218321007>
2021-08-24 23:09:36 | [chocfrog#6214] (237231509872967680) come onnn
2021-08-24 23:09:36 | [Not Gator#0002] (756383660881608774) well i mean it needs something other than pickle
2021-08-24 23:09:36 | [Karrotz#6279] (259739180660162561) No way
2021-08-24 23:09:36 | [Karrotz#6279] (259739180660162561) Hello
2021-08-24 23:09:36 | [rhianna#0043] (457956464326344714) hey
2021-08-24 23:09:36 | [Vyp#9573] (527108408906743808) hi tom
2021-08-24 23:09:36 | [chocfrog#6214] (237231509872967680) <:bruhW:722819620485988362>
2021-08-24 23:09:36 | [Vyp#9573] (527108408906743808) <33
2021-08-24 23:09:36 | [Karrotz#6279] (259739180660162561) It's honorary tom but not tom
2021-08-24 23:09:36 | [rhianna#0043] (457956464326344714) my stomach hurts thinking about pickles
2021-08-24 23:09:36 | [Karrotz#6279] (259739180660162561) Hello Luke how are you!
2021-08-24 23:09:36 | [chocfrog#6214] (237231509872967680) fr
2021-08-24 23:09:36 | [Vyp#9573] (527108408906743808) jam sandwiches >
2021-08-24 23:09:36 | [rhianna#0043] (457956464326344714) JAM ON TOAST
2021-08-24 23:09:36 | [rhianna#0043] (457956464326344714) mmmmmm
2021-08-24 23:09:36 | [chocfrog#6214] (237231509872967680) YES
2021-08-24 23:09:36 | [chocfrog#6214] (237231509872967680) JAM ON TOAST
2021-08-24 23:09:36 | [Karrotz#6279] (259739180660162561) Jam sandwiches are good
2021-08-24 23:09:36 | [rhianna#0043] (457956464326344714) wait
2021-08-24 23:09:36 | [Karrotz#6279] (259739180660162561) Ok jam on toast is better I agree
2021-08-24 23:09:36 | [chocfrog#6214] (237231509872967680) your mum is good
2021-08-24 23:09:36 | [rhianna#0043] (457956464326344714) do you have butter with jam?
2021-08-24 23:09:36 | [rhianna#0043] (457956464326344714) wtf
2021-08-24 23:09:36 | [Vyp#9573] (527108408906743808) Yes
2021-08-24 23:09:36 | [rhianna#0043] (457956464326344714) gross
2021-08-24 23:09:36 | [Vyp#9573] (527108408906743808) WHAT
2021-08-24 23:09:36 | [chocfrog#6214] (237231509872967680) BUTTER
2021-08-24 23:09:36 | [Karrotz#6279] (259739180660162561) I dont
2021-08-24 23:09:36 | [chocfrog#6214] (237231509872967680) EW
2021-08-24 23:09:36 | [chocfrog#6214] (237231509872967680) butter no
2021-08-24 23:09:36 | [Vyp#9573] (527108408906743808) Oh you don't like butter do you
2021-08-24 23:09:36 | [Vyp#9573] (527108408906743808) WJAt
2021-08-24 23:09:36 | [rhianna#0043] (457956464326344714) no
2021-08-24 23:09:36 | [Karrotz#6279] (259739180660162561) It'll slip off or something how do you do it
2021-08-24 23:09:36 | [Vyp#9573] (527108408906743808) WHAT
2021-08-24 23:09:36 | [rhianna#0043] (457956464326344714) but still gross
2021-08-24 23:09:36 | [chocfrog#6214] (237231509872967680) butter only belongs on toast
2021-08-24 23:09:36 | [Karrotz#6279] (259739180660162561) I like butter I just wouldn't have it with jam
2021-08-24 23:09:36 | [rhianna#0043] (457956464326344714) no
2021-08-24 23:09:36 | [Not Gator#0002] (756383660881608774) how do you not like butter
2021-08-24 23:09:36 | [rhianna#0043] (457956464326344714) not even on toast
2021-08-24 23:09:36 | [chocfrog#6214] (237231509872967680) you.
2021-08-24 23:09:36 | [chocfrog#6214] (237231509872967680) get help :/
2021-08-24 23:09:36 | [Karrotz#6279] (259739180660162561) It's basically just salt
2021-08-24 23:09:36 | [rhianna#0043] (457956464326344714) er
2021-08-24 23:09:36 | [Vyp#9573] (527108408906743808) No?
2021-08-24 23:09:36 | [Not Gator#0002] (756383660881608774) what
2021-08-24 23:09:36 | [Karrotz#6279] (259739180660162561) There's no way someone doesn't like it
2021-08-24 23:09:36 | [chocfrog#6214] (237231509872967680) anna brings me sadness
2021-08-24 23:09:36 | [rhianna#0043] (457956464326344714) well i don’t
2021-08-24 23:09:36 | [Vyp#9573] (527108408906743808) salt on pasta is so good
2021-08-24 23:09:36 | [rhianna#0043] (457956464326344714) boo hoo
2021-08-24 23:09:36 | [chocfrog#6214] (237231509872967680) xoxoxox
2021-08-24 23:09:36 | [rhianna#0043] (457956464326344714) cry me a river
2021-08-24 23:09:36 | [chocfrog#6214] (237231509872967680) ly too bb
2021-08-24 23:09:36 | [Karrotz#6279] (259739180660162561) Salted butter contains stuff that humans are pretty much forced by instinct to like
2021-08-24 23:09:36 | [rhianna#0043] (457956464326344714) 💀
2021-08-24 23:09:36 | [Not Gator#0002] (756383660881608774) pasta with ketchup lmao
2021-08-24 23:09:36 | [Not Gator#0002] (756383660881608774) nothing else
2021-08-24 23:09:36 | [Karrotz#6279] (259739180660162561) But fe
2021-08-24 23:09:36 | [rhianna#0043] (457956464326344714) yes
2021-08-24 23:09:36 | [Vyp#9573] (527108408906743808) what no
2021-08-24 23:09:36 | [chocfrog#6214] (237231509872967680) <a:Kiss:724599415389683744>
2021-08-24 23:09:36 | [rhianna#0043] (457956464326344714) j agree with that
2021-08-24 23:09:36 | [Karrotz#6279] (259739180660162561) Er what
2021-08-24 23:09:36 | [Vyp#9573] (527108408906743808) pasta and ketchup?
2021-08-24 23:09:36 | [Karrotz#6279] (259739180660162561) Pasta and ketchup?
2021-08-24 23:09:36 | [chocfrog#6214] (237231509872967680) bread and ketchup
2021-08-24 23:09:36 | [rhianna#0043] (457956464326344714) yes
2021-08-24 23:09:36 | [Vyp#9573] (527108408906743808) <a:aPES2_VomitAttack:525603860631388170>
2021-08-24 23:09:36 | [rhianna#0043] (457956464326344714) NO
2021-08-24 23:09:36 | [Karrotz#6279] (259739180660162561) Who tf are you?
2021-08-24 23:09:36 | [rhianna#0043] (457956464326344714) i’m anna
2021-08-24 23:09:36 | [chocfrog#6214] (237231509872967680) banana
2021-08-24 23:09:36 | [rhianna#0043] (457956464326344714) who tf are you
2021-08-24 23:09:36 | [rhianna#0043] (457956464326344714) SHUT YP
2021-08-24 23:09:36 | [Karrotz#6279] (259739180660162561) But why tomato ketchup?
2021-08-24 23:09:36 | [Vyp#9573] (527108408906743808) BREAD AND KETCGHUP?
2021-08-24 23:09:36 | [rhianna#0043] (457956464326344714) WTF TOM
2021-08-24 23:09:36 | [rhianna#0043] (457956464326344714) NO
2021-08-24 23:09:36 | [chocfrog#6214] (237231509872967680) yes
2021-08-24 23:09:36 | [rhianna#0043] (457956464326344714) ABSOLUTELY NOT
2021-08-24 23:09:36 | [Vyp#9573] (527108408906743808) NO
2021-08-24 23:09:36 | [chocfrog#6214] (237231509872967680) <a:mnkermitsewerslide:834259081795338282>
2021-08-24 23:09:36 | [Karrotz#6279] (259739180660162561) Why not a tomato sauce or bolegnase
2021-08-24 23:09:36 | [Karrotz#6279] (259739180660162561) I don't understand
2021-08-24 23:09:36 | [stealyourspoons#1124] (829254402408710154) bread and ketchup
2021-08-24 23:09:36 | [Vyp#9573] (527108408906743808) Can we add a cancelled role that mutes people
2021-08-24 23:09:36 | [rhianna#0043] (457956464326344714) because tomato ketchup is good
2021-08-24 23:09:36 | [rhianna#0043] (457956464326344714) can we cancel tom
2021-08-24 23:09:36 | [stealyourspoons#1124] (829254402408710154) my parents never let me have it
2021-08-24 23:09:36 | [Karrotz#6279] (259739180660162561) So you're telling me you boil and cook pasta
2021-08-24 23:09:36 | [rhianna#0043] (457956464326344714) he used the forbidden word
2021-08-24 23:09:36 | [stealyourspoons#1124] (829254402408710154) but tomato ketchup and hot sausage rolls are nice
2021-08-24 23:09:36 | [Karrotz#6279] (259739180660162561) Just to out it on a plate and add ketchup to it
2021-08-24 23:09:36 | [chocfrog#6214] (237231509872967680) CERYS what happened to you sleeping lmfao
2021-08-24 23:09:36 | [Vyp#9573] (527108408906743808) I've seen people eat ketchup sandwiches
2021-08-24 23:09:36 | [Vyp#9573] (527108408906743808) whart
2021-08-24 23:09:36 | [Vyp#9573] (527108408906743808) what
2021-08-24 23:09:36 | [Karrotz#6279] (259739180660162561) That's worse than a microwaved meal I stg
2021-08-24 23:09:36 | [stealyourspoons#1124] (829254402408710154) same for ketchup and hot dog rolls
2021-08-24 23:09:36 | [stealyourspoons#1124] (829254402408710154) and I can't sleep
2021-08-24 23:09:36 | [rhianna#0043] (457956464326344714) i mean i don’t purposely add ketchup to pasta but if it’s there then i’m not complaining
2021-08-24 23:09:36 | [chocfrog#6214] (237231509872967680) fair
2021-08-24 23:09:36 | [Vyp#9573] (527108408906743808) some microwave meals are so good
2021-08-24 23:09:36 | [Vyp#9573] (527108408906743808) iceland does nice ones
2021-08-24 23:09:36 | [Karrotz#6279] (259739180660162561) Some, but most can't even compare to decent cooking
2021-08-24 23:09:36 | [Vyp#9573] (527108408906743808) true
2021-08-24 23:09:36 | [stealyourspoons#1124] (829254402408710154) Mac n cheese ready meals can fuck off
2021-08-24 23:09:36 | [stealyourspoons#1124] (829254402408710154) They are mank
2021-08-24 23:09:36 | [rhianna#0043] (457956464326344714) mac n cheese can fuck off
2021-08-24 23:09:36 | [rhianna#0043] (457956464326344714) it’s mank
2021-08-24 23:09:36 | [stealyourspoons#1124] (829254402408710154) Especially the co op
2021-08-24 23:09:36 | [Vyp#9573] (527108408906743808) mac and cheese in general I don't like too much
2021-08-24 23:09:36 | [Karrotz#6279] (259739180660162561) I mean sure they may taste nice, but that's just the unhealthy shit they load it with so you don't actually really taste anything it's just salts n fats n stuff
2021-08-24 23:09:36 | [stealyourspoons#1124] (829254402408710154) Like the ready meal it's nice at first and then it starts to taste like metal
2021-08-24 23:09:36 | [Vyp#9573] (527108408906743808) mashed potato and ketchup 😍
2021-08-24 23:09:36 | [rhianna#0043] (457956464326344714) yes
2021-08-24 23:09:36 | [stealyourspoons#1124] (829254402408710154) Yesss
2021-08-24 23:09:36 | [rhianna#0043] (457956464326344714) now that i agree
2021-08-24 23:09:36 | [stealyourspoons#1124] (829254402408710154) SWEETCORN AND KETCHUP
2021-08-24 23:09:36 | [rhianna#0043] (457956464326344714) wait
2021-08-24 23:09:36 | [Karrotz#6279] (259739180660162561) Yea
2021-08-24 23:09:36 | [rhianna#0043] (457956464326344714) salty mash >
2021-08-24 23:09:36 | [rhianna#0043] (457956464326344714) mhm
2021-08-24 23:09:36 | [Vyp#9573] (527108408906743808) Cheesy mash >
2021-08-24 23:09:36 | [rhianna#0043] (457956464326344714) no
2021-08-24 23:09:36 | [stealyourspoons#1124] (829254402408710154) salty and cheesy mash !!!
2021-08-24 23:09:36 | [rhianna#0043] (457956464326344714) get rid of the cheese
2021-08-24 23:09:36 | [stealyourspoons#1124] (829254402408710154) Salt on everything
2021-08-24 23:09:36 | [rhianna#0043] (457956464326344714) no
2021-08-24 23:09:36 | [rhianna#0043] (457956464326344714) yes
2021-08-24 23:09:36 | [Not Gator#0002] (756383660881608774) SALT
2021-08-24 23:09:36 | [Vyp#9573] (527108408906743808) cheesy mash is so good
2021-08-24 23:09:36 | [stealyourspoons#1124] (829254402408710154) cheese is nice
2021-08-24 23:09:36 | [Not Gator#0002] (756383660881608774) PURE SALT
2021-08-24 23:09:36 | [Vyp#9573] (527108408906743808) mozzarella
2021-08-24 23:09:36 | [Not Gator#0002] (756383660881608774) NOTHING ELSE
2021-08-24 23:09:36 | [rhianna#0043] (457956464326344714) cheese is absoltuely gross
2021-08-24 23:09:36 | [Not Gator#0002] (756383660881608774) i-
2021-08-24 23:09:36 | [Not Gator#0002] (756383660881608774) how
2021-08-24 23:09:36 | [Vyp#9573] (527108408906743808) do you not like melted cheese?
2021-08-24 23:09:36 | [rhianna#0043] (457956464326344714) makes me feel sick
2021-08-24 23:09:36 | [rhianna#0043] (457956464326344714) no
2021-08-24 23:09:36 | [Not Gator#0002] (756383660881608774) cheese makes most things taste good though apart from sugary things and liquids
2021-08-24 23:09:36 | [stealyourspoons#1124] (829254402408710154) OK the only good mac and cheese is American one
2021-08-24 23:09:36 | [Vyp#9573] (527108408906743808) what's the best ice cream flavour
2021-08-24 23:09:36 | [rhianna#0043] (457956464326344714) cheese ruins food
2021-08-24 23:09:36 | [rhianna#0043] (457956464326344714) mint choc chip
2021-08-24 23:09:36 | [Vyp#9573] (527108408906743808) YES
2021-08-24 23:09:36 | [Vyp#9573] (527108408906743808) Mint choc chip is so good
2021-08-24 23:09:36 | [stealyourspoons#1124] (829254402408710154) american food is better
2021-08-24 23:09:36 | [stealyourspoons#1124] (829254402408710154) more sugar
2021-08-24 23:09:36 | [Not Gator#0002] (756383660881608774) i cannot relate to most people here
2021-08-24 23:09:36 | [stealyourspoons#1124] (829254402408710154) and diabetes
2021-08-24 23:09:36 | [Vyp#9573] (527108408906743808) I saw that in america, a large coke at a restaurant is over 2 cans worth of coke
2021-08-24 23:09:36 | [Not Gator#0002] (756383660881608774) i like ben and jerrys cookie dough
2021-08-24 23:09:36 | [Not Gator#0002] (756383660881608774) w/ vanilla
2021-08-24 23:09:36 | [rhianna#0043] (457956464326344714) our large coke from like maccies is the same size as their small
2021-08-24 23:09:36 | [Not Gator#0002] (756383660881608774) rarely buy it though its 5 pounds
2021-08-24 23:09:36 | [stealyourspoons#1124] (829254402408710154) in America, there are over 200 calories in gum
2021-08-24 23:09:36 | [Not Gator#0002] (756383660881608774) the fuck
2021-08-24 23:09:36 | [Not Gator#0002] (756383660881608774) i swear its 5 calories here
2021-08-24 23:09:36 | [Not Gator#0002] (756383660881608774) per piece
2021-08-24 23:09:36 | [stealyourspoons#1124] (829254402408710154) everything has high calorie
2021-08-24 23:09:36 | [Vyp#9573] (527108408906743808) I feel like they'd have awful hygeine
2021-08-24 23:09:36 | [stealyourspoons#1124] (829254402408710154) 200 calories per pack
2021-08-24 23:09:36 | [Not Gator#0002] (756383660881608774) they get like 1 liter coke in mcdonalds as well
2021-08-24 23:09:36 | [Vyp#9573] (527108408906743808) when prepping meals
2021-08-24 23:09:36 | [stealyourspoons#1124] (829254402408710154) yes they stink
2021-08-24 23:09:36 | [Not Gator#0002] (756383660881608774) or 1.5
2021-08-24 23:09:36 | [stealyourspoons#1124] (829254402408710154) I don't like Americans
2021-08-24 23:09:36 | [stealyourspoons#1124] (829254402408710154) the liberals are okay, democrats no
2021-08-24 23:09:36 | [Not Gator#0002] (756383660881608774) lets goooooooo hating americans /s
2021-08-24 23:09:36 | [chocfrog#6214] (237231509872967680) yes
2021-08-24 23:09:36 | [stealyourspoons#1124] (829254402408710154) trump supporters no no no
2021-08-24 23:09:36 | [rhianna#0043] (457956464326344714) americans suck arse
2021-08-24 23:09:36 | [Vyp#9573] (527108408906743808) ^
2021-08-24 23:09:36 | [stealyourspoons#1124] (829254402408710154) there are nice Americans,  bad Americans
2021-08-24 23:09:36 | [stealyourspoons#1124] (829254402408710154) Mostly bad..
2021-08-24 23:09:36 | [Not Gator#0002] (756383660881608774) i mean trump supporters are gone now
2021-08-24 23:09:36 | [stealyourspoons#1124] (829254402408710154) But that's fine
2021-08-24 23:09:36 | [stealyourspoons#1124] (829254402408710154) And yes
2021-08-24 23:09:36 | [Vyp#9573] (527108408906743808) although having a mansion in hollywood would be fantastic
2021-08-24 23:09:36 | [chocfrog#6214] (237231509872967680) true true
2021-08-24 23:09:36 | [stealyourspoons#1124] (829254402408710154) ¡[
2021-08-24 23:09:36 | [stealyourspoons#1124] (829254402408710154) no*
2021-08-24 23:09:36 | [Not Gator#0002] (756383660881608774) i mean joe biden isnt any better
2021-08-24 23:09:36 | [rhianna#0043] (457956464326344714) i wanna live the nyc  life
2021-08-24 23:09:36 | [stealyourspoons#1124] (829254402408710154) Hollywood is overrated and yeah Joe is a meanie
2021-08-24 23:09:36 | [stealyourspoons#1124] (829254402408710154) NYC is overrated
2021-08-24 23:09:36 | [rhianna#0043] (457956464326344714) joe mama
2021-08-24 23:09:36 | [Vyp#9573] (527108408906743808) I wish I was on teh top floor of the world trade center on sep
2021-08-24 23:09:36 | [stealyourspoons#1124] (829254402408710154) America is overrated
2021-08-24 23:09:36 | [Not Gator#0002] (756383660881608774) i mean it must be quite a nice city
2021-08-24 23:09:36 | [stealyourspoons#1124] (829254402408710154) oh no
2021-08-24 23:09:36 | [Not Gator#0002] (756383660881608774) good to visit at least once
2021-08-24 23:09:36 | [Not Gator#0002] (756383660881608774) not to live in
2021-08-24 23:09:36 | [stealyourspoons#1124] (829254402408710154) no no no
2021-08-24 23:09:36 | [Not Gator#0002] (756383660881608774) living there is hell
2021-08-24 23:09:36 | [Not Gator#0002] (756383660881608774) prob
2021-08-24 23:09:36 | [Not Gator#0002] (756383660881608774) idk
2021-08-24 23:09:36 | [stealyourspoons#1124] (829254402408710154) Yes
2021-08-24 23:09:36 | [rhianna#0043] (457956464326344714) i wanna live there
2021-08-24 23:09:36 | [stealyourspoons#1124] (829254402408710154) No no
2021-08-24 23:09:36 | [Not Gator#0002] (756383660881608774) bad idea
2021-08-24 23:09:36 | [Not Gator#0002] (756383660881608774) even the airport is bs and thats the only thing i care abt
2021-08-24 23:09:36 | [stealyourspoons#1124] (829254402408710154) You'll get stabbed, mugged, robbed, chased, followed every possible thing
2021-08-24 23:09:36 | [Vyp#9573] (527108408906743808) I wish I was there on september 11th 2001, I don't know what happened but i've heard it was a good day
2021-08-24 23:09:36 | [rhianna#0043] (457956464326344714) good
2021-08-24 23:09:36 | [rhianna#0043] (457956464326344714) oh god
2021-08-24 23:09:36 | [stealyourspoons#1124] (829254402408710154) oh no 🥲
2021-08-24 23:09:36 | [Vyp#9573] (527108408906743808) what
2021-08-24 23:09:36 | [Vyp#9573] (527108408906743808) what happened
2021-08-24 23:09:36 | [stealyourspoons#1124] (829254402408710154) if you want to live in America live in mississipi
2021-08-24 23:09:36 | [Not Gator#0002] (756383660881608774) yeah i think they successfully managed to move a few buildings around in a few seconds, changed history
2021-08-24 23:09:36 | [rhianna#0043] (457956464326344714) no
2021-08-24 23:09:36 | [stealyourspoons#1124] (829254402408710154) Also Las Vegas is overrated its literally I'm the middle of a fucking desert
2021-08-24 23:09:36 | [stealyourspoons#1124] (829254402408710154) In*
2021-08-24 23:09:36 | [rhianna#0043] (457956464326344714) i will live in connecticut
2021-08-24 23:09:36 | [MadMan#5592] (500040191130730496) I wanna live in maybe Oregon
2021-08-24 23:09:36 | [Vyp#9573] (527108408906743808) Ooh, what tols did they use? It must have been high tech
2021-08-24 23:09:36 | [jess#2274] (310454107737554954) cookie dough or vanilla
2021-08-24 23:09:36 | [Karrotz#6279] (259739180660162561) +rep
2021-08-24 23:09:36 | [stealyourspoons#1124] (829254402408710154) MONKEY
2021-08-24 23:09:36 | [Vyp#9573] (527108408906743808) I would say florida but there are too many storms
2021-08-24 23:09:36 | [stealyourspoons#1124] (829254402408710154) HELLO MONKEY
2021-08-24 23:09:36 | [MadMan#5592] (500040191130730496) Hello
2021-08-24 23:09:36 | [rhianna#0043] (457956464326344714) guys it’s my bday soon
2021-08-24 23:09:36 | [Karrotz#6279] (259739180660162561) But like the Cornwall vanilla ice cream that actually tastes of vanilla and not just cream
2021-08-24 23:09:36 | [stealyourspoons#1124] (829254402408710154) I don't mean that in a racist way your name says monkey so I said hello
2021-08-24 23:09:36 | [Vyp#9573] (527108408906743808) when's your birthday anna?
2021-08-24 23:09:36 | [stealyourspoons#1124] (829254402408710154) I am not racist
2021-08-24 23:09:36 | [MadMan#5592] (500040191130730496) HA
2021-08-24 23:09:36 | [rhianna#0043] (457956464326344714) saturday
2021-08-24 23:09:36 | [Vyp#9573] (527108408906743808) Happy birthday for saturday!
2021-08-24 23:09:36 | [stealyourspoons#1124] (829254402408710154) My birthday is when xxxtentacion was shot 👺
2021-08-24 23:09:36 | [Vyp#9573] (527108408906743808) oh
2021-08-24 23:09:36 | [stealyourspoons#1124] (829254402408710154) Happy bday for saturday
2021-08-24 23:09:36 | [rhianna#0043] (457956464326344714) tyty and o
2021-08-24 23:09:36 | [Not Gator#0002] (756383660881608774) i mean they used a 757 and put it on top + flew it to its place yknow
2021-08-24 23:09:36 | [MadMan#5592] (500040191130730496) My birthday is the same as the guy who assassinated JFK
2021-08-24 23:09:36 | [Not Gator#0002] (756383660881608774) quick moving
2021-08-24 23:09:36 | [MadMan#5592] (500040191130730496) Lee Harvey Oswald
2021-08-24 23:09:36 | [coyzie#8008] (346293166330216458) my bday is april fools day 😎
2021-08-24 23:09:36 | [rhianna#0043] (457956464326344714) my bday is the same as jack blacks
2021-08-24 23:09:36 | [Vyp#9573] (527108408906743808) lucky
2021-08-24 23:09:36 | [stealyourspoons#1124] (829254402408710154) My bday is the same as Obamas dad
2021-08-24 23:09:36 | [stealyourspoons#1124] (829254402408710154) Lol
2021-08-24 23:09:36 | [stealyourspoons#1124] (829254402408710154) What's Obamas last name
2021-08-24 23:09:36 | [Not Gator#0002] (756383660881608774) i mean considering you were not made on that day your birthday is not a joke 🥲
2021-08-24 23:09:36 | [rhianna#0043] (457956464326344714) barack obvs
2021-08-24 23:09:36 | [stealyourspoons#1124] (829254402408710154) Obama barack
2021-08-24 23:09:36 | [rhianna#0043] (457956464326344714) yes
2021-08-24 23:09:36 | [coyzie#8008] (346293166330216458) heeeehoo
2021-08-24 23:09:36 | [Vyp#9573] (527108408906743808) I have the same birthday as lil baby apparently
2021-08-24 23:09:36 | [Not Gator#0002] (756383660881608774) well your birthday is but you arent 😳
2021-08-24 23:09:36 | [stealyourspoons#1124] (829254402408710154) people born on February 29th: 🥲
2021-08-24 23:09:36 | [Not Gator#0002] (756383660881608774) how would that even work haha
2021-08-24 23:09:36 | [Vyp#9573] (527108408906743808) I have the same birthday as w2s' brother haha
2021-08-24 23:09:36 | [stealyourspoons#1124] (829254402408710154) They would be 4 years old
2021-08-24 23:09:36 | [rhianna#0043] (457956464326344714) my bday is national powerangers day
2021-08-24 23:09:36 | [rhianna#0043] (457956464326344714) and the same day as ksi’s dad
2021-08-24 23:09:36 | [Vyp#9573] (527108408906743808) LUCKY
2021-08-24 23:09:36 | [rhianna#0043] (457956464326344714) nd national bow tie day
2021-08-24 23:09:36 | [MadMan#5592] (500040191130730496) And I thought my my birthday connection was random
2021-08-24 23:09:36 | [Vyp#9573] (527108408906743808) old town road was released on my birthday
2021-08-24 23:09:36 | [rhianna#0043] (457956464326344714) oh but the emmet till case happened exactly 50 years before i was born
2021-08-24 23:09:36 | [rhianna#0043] (457956464326344714) that’s sad
2021-08-24 23:09:36 | [Vyp#9573] (527108408906743808) I have the same birthday as nic kauffman
2021-08-24 23:09:36 | [Not Gator#0002] (756383660881608774) yo has anyone done personality tests
2021-08-24 23:09:36 | [rhianna#0043] (457956464326344714) yes
2021-08-24 23:09:36 | [Vyp#9573] (527108408906743808) Has anyone done the rice purity test?
2021-08-24 23:09:36 | [rhianna#0043] (457956464326344714) yes
2021-08-24 23:09:36 | [MadMan#5592] (500040191130730496) Share a birthday with Zac Efron
2021-08-24 23:09:36 | [Vyp#9573] (527108408906743808) what was your score
2021-08-24 23:09:36 | [Not Gator#0002] (756383660881608774) i forgot mine so ill jsut redo it
2021-08-24 23:09:36 | [rhianna#0043] (457956464326344714) let me redo
2021-08-24 23:09:36 | [chocfrog#6214] (237231509872967680) 👀
2021-08-24 23:09:36 | [Not Gator#0002] (756383660881608774) https://www.16personalities.com/free-personality-test
2021-08-24 23:09:36 | [stealyourspoons#1124] (829254402408710154) does anyone here dress indie/academia
2021-08-24 23:09:36 | [jess#2274] (310454107737554954) thats not rice purity test
2021-08-24 23:09:36 | [stealyourspoons#1124] (829254402408710154) how can I dress like this with strict parents
2021-08-24 23:09:36 | [stealyourspoons#1124] (829254402408710154) I want to be myself for college
2021-08-24 23:09:36 | [stealyourspoons#1124] (829254402408710154) But I feel like the clothes they are making me wear are just not me
2021-08-24 23:09:36 | [Vyp#9573] (527108408906743808) http://ricepuritytest.com/
2021-08-24 23:09:36 | [rhianna#0043] (457956464326344714) 83
2021-08-24 23:09:36 | [coyzie#8008] (346293166330216458) uhhh what i recc is just wear t shirts and leggings over the clothes they dont approve of, then take the extra clothes off for college
2021-08-24 23:09:36 | [stealyourspoons#1124] (829254402408710154) ohhhhh that sounds smart omg tytyty
2021-08-24 23:09:36 | [MadMan#5592] (500040191130730496) Yoo i share a birthday with FaZe Banks
2021-08-24 23:09:36 | [Vyp#9573] (527108408906743808) Mine was 94 <@!457956464326344714>
2021-08-24 23:09:36 | [Not Gator#0002] (756383660881608774) https://cdn.discordapp.com/attachments/875736589836365867/879875765968203836/unknown.png
2021-08-24 23:09:36 | [Not Gator#0002] (756383660881608774) lmao
2021-08-24 23:09:36 | [rhianna#0043] (457956464326344714) oop
2021-08-24 23:09:36 | [rhianna#0043] (457956464326344714) i’m INFJ
2021-08-24 23:09:36 | [rhianna#0043] (457956464326344714) mine was 83
2021-08-24 23:09:36 | [Not Gator#0002] (756383660881608774) im not even half way through
2021-08-24 23:09:36 | [rhianna#0043] (457956464326344714) i did mine ages ago
2021-08-24 23:09:36 | [Vyp#9573] (527108408906743808) I've done like nothing on the list haha
2021-08-24 23:09:36 | [rhianna#0043] (457956464326344714) el oh el
2021-08-24 23:09:36 | [rhianna#0043] (457956464326344714) i’m hungry
2021-08-24 23:09:36 | [Vyp#9573] (527108408906743808) You're in the kitchen
2021-08-24 23:09:36 | [Vyp#9573] (527108408906743808) go get food
2021-08-24 23:09:36 | [Vyp#9573] (527108408906743808) I'm MENTI
2021-08-24 23:09:36 | [Vyp#9573] (527108408906743808) For teh test
2021-08-24 23:09:36 | [Vyp#9573] (527108408906743808) ISFP-T
2021-08-24 23:09:36 | [rhianna#0043] (457956464326344714) i’m in my room now
2021-08-24 23:09:36 | [Vyp#9573] (527108408906743808) ah
2021-08-24 23:09:36 | [rhianna#0043] (457956464326344714) according to google mines the rarest personality type
2021-08-24 23:09:36 | [rhianna#0043] (457956464326344714) i’m just so cool
2021-08-24 23:09:36 | [Vyp#9573] (527108408906743808) you're super cool
2021-08-24 23:09:36 | [Vyp#9573] (527108408906743808) I'm going to go to bed
2021-08-24 23:09:36 | [Vyp#9573] (527108408906743808) Night guys 🙂
2021-08-24 23:09:36 | [Not Gator#0002] (756383660881608774) Content: 😎  (https://cdn.discordapp.com/attachments/875736589836365867/879876973734789120/unknown.png)
2021-08-24 23:09:36 | [rhianna#0043] (457956464326344714) goodnight sleep well
2021-08-24 23:09:36 | [Not Gator#0002] (756383660881608774) im an entertainer
2021-08-24 23:09:36 | [Not Gator#0002] (756383660881608774) gn
2021-08-24 23:09:36 | [Vyp#9573] (527108408906743808) I hope you all sleep well
2021-08-24 23:09:36 | [mango#2025] (689898353537843258) enfp gang
2021-08-24 23:09:36 | [rhianna#0043] (457956464326344714) are any of you isfp
2021-08-24 23:09:36 | [rhianna#0043] (457956464326344714) or enroll
2021-08-24 23:09:36 | [rhianna#0043] (457956464326344714) entp*
2021-08-24 23:09:36 | [Whippy#5392] (535414566838992906) Bro what happened whilst I was gone
2021-08-24 23:09:36 | [rhianna#0043] (457956464326344714) ur mum
2021-08-24 23:09:36 | [Whippy#5392] (535414566838992906) Whole ass convo
2021-08-24 23:09:36 | [Not Gator#0002] (756383660881608774) 
2021-08-24 23:09:36 | [Not Gator#0002] (756383660881608774) sorry i love this sticker
2021-08-24 23:09:36 | [Whippy#5392] (535414566838992906) Hmm
2021-08-24 23:09:36 | [Not Gator#0002] (756383660881608774) cant hold back from using it once an hour
2021-08-24 23:09:36 | [Not Gator#0002] (756383660881608774) im def not on my way to becoming a serial killer
2021-08-24 23:09:36 | [Whippy#5392] (535414566838992906) https://cdn.discordapp.com/attachments/875736589836365867/879879212784300103/hold_up_wait_a_minute_meme.mp4
2021-08-24 23:09:36 | [rhianna#0043] (457956464326344714) honorary tom what’s your personality type
2021-08-24 23:09:36 | [Whippy#5392] (535414566838992906) Wot
2021-08-24 23:09:36 | [Not Gator#0002] (756383660881608774) esfp but i used to be enfp
2021-08-24 23:09:36 | [Not Gator#0002] (756383660881608774) idk i speedran the test
2021-08-24 23:09:36 | [rhianna#0043] (457956464326344714) hmm interesting
2021-08-24 23:09:36 | [Not Gator#0002] (756383660881608774) wbu
2021-08-24 23:09:36 | [Whippy#5392] (535414566838992906) Is that some sort of personality test, that could be far from the truth
2021-08-24 23:09:36 | [rhianna#0043] (457956464326344714) infj
2021-08-24 23:09:36 | [Not Gator#0002] (756383660881608774) maybe
2021-08-24 23:09:36 | [Not Gator#0002] (756383660881608774) oh nice
2021-08-24 23:09:36 | [rhianna#0043] (457956464326344714) mkay carry on with ur day i was checking something
2021-08-24 23:09:36 | [Not Gator#0002] (756383660881608774) https://cdn.discordapp.com/attachments/875736589836365867/879880737401229352/unknown.png
2021-08-24 23:09:36 | [rhianna#0043] (457956464326344714) sick
2021-08-24 23:09:36 | [Not Gator#0002] (756383660881608774) this is an achievement wont lie
2021-08-24 23:09:36 | [Whippy#5392] (535414566838992906) https://tenor.com/view/jim-halpert-face-yeah-ok-then-sure-gif-19567619
2021-08-24 23:09:36 | [rhianna#0043] (457956464326344714) whoop whoop
2021-08-24 23:09:36 | [mango#2025] (689898353537843258) I get charlie slimecicle so that’s pretty cool methink
2021-08-24 23:09:36 | [Whippy#5392] (535414566838992906) Wot
2021-08-24 23:09:36 | [Not Gator#0002] (756383660881608774) everytime i do personality test its a bit different
2021-08-24 23:09:36 | [Not Gator#0002] (756383660881608774) so eh
2021-08-24 23:09:36 | [Whippy#5392] (535414566838992906) So you do some personality test which tells you that you are a certain random letters like dfgh
2021-08-24 23:09:36 | [Whippy#5392] (535414566838992906) Sounds like ukip to me
2021-08-24 23:09:36 | [matt.#5555] (265905443086401537) elloo
2021-08-24 23:09:36 | [jess#2274] (310454107737554954) hi matt
2021-08-24 23:09:36 | [matt.#5555] (265905443086401537) hiii
2021-08-24 23:09:36 | [Not Gator#0002] (756383660881608774) https://tenor.com/view/new-mattress-gif-10805589
2021-08-24 23:09:36 | [Not Gator#0002] (756383660881608774) https://tenor.com/view/diplein-ghost-mattress-carrier-floating-mattress-mattress-gif-17795948
2021-08-24 23:09:36 | [Not Gator#0002] (756383660881608774) flying matt
2021-08-24 23:09:36 | [jess#2274] (310454107737554954) what did everyone get on the purity test
2021-08-24 23:09:36 | [jess#2274] (310454107737554954) cus i refuse to believe mine is the lowest
2021-08-24 23:09:36 | [rhianna#0043] (457956464326344714) i got 83 and i believe luke got 94
2021-08-24 23:09:36 | [jess#2274] (310454107737554954) ah fuck
2021-08-24 23:09:36 | [matt.#5555] (265905443086401537) swagger
2021-08-24 23:09:36 | [matt.#5555] (265905443086401537) omg where did u find my irl
2021-08-24 23:09:36 | [jess#2274] (310454107737554954) i got 77 lol
2021-08-24 23:09:36 | [matt.#5555] (265905443086401537) o
2021-08-24 23:09:36 | [matt.#5555] (265905443086401537) i havent done that
2021-08-24 23:09:36 | [matt.#5555] (265905443086401537) ill do itn ow
2021-08-24 23:09:36 | [jess#2274] (310454107737554954) yes do it matt
2021-08-24 23:09:36 | [MadMan#5592] (500040191130730496) What is rice purity
2021-08-24 23:09:36 | [aliciaa#0069] (419127936537329681) i got 55
2021-08-24 23:09:36 | [aliciaa#0069] (419127936537329681) hell yeah
2021-08-24 23:09:36 | [aliciaa#0069] (419127936537329681) purity test
2021-08-24 23:09:36 | [aliciaa#0069] (419127936537329681) one of the questoons is engaged in ||incest||
2021-08-24 23:09:36 | [MadMan#5592] (500040191130730496) Oh go on, send it over then
2021-08-24 23:09:36 | [matt.#5555] (265905443086401537) 55...
2021-08-24 23:09:36 | [matt.#5555] (265905443086401537) pls
2021-08-24 23:09:36 | [aliciaa#0069] (419127936537329681) mfw people on tiktok lying like ''i got 0 xoxoxo''
2021-08-24 23:09:36 | [matt.#5555] (265905443086401537) http://ricepuritytest.com/
2021-08-24 23:09:36 | [aliciaa#0069] (419127936537329681) girl you shane dawson?
2021-08-24 23:09:36 | [aliciaa#0069] (419127936537329681) WHAT
2021-08-24 23:09:36 | [aliciaa#0069] (419127936537329681) you mad cause ive held hands romantically?
2021-08-24 23:09:36 | [chocfrog#6214] (237231509872967680) <:NO:824305908817330176>
2021-08-24 23:09:36 | [rhianna#0043] (457956464326344714) el oh el
2021-08-24 23:09:36 | [matt.#5555] (265905443086401537) yes because that also checks the 44 other boxes!!
2021-08-24 23:09:36 | [aliciaa#0069] (419127936537329681) you what
2021-08-24 23:09:36 | [chocfrog#6214] (237231509872967680) me and matt have got a very similar score we've experienced stuff together
2021-08-24 23:09:36 | [aliciaa#0069] (419127936537329681) larf out lowd
2021-08-24 23:09:36 | [rhianna#0043] (457956464326344714) yeh
2021-08-24 23:09:36 | [matt.#5555] (265905443086401537) yep ;)
2021-08-24 23:09:36 | [aliciaa#0069] (419127936537329681) WOAAAAAAAAAAAAhwoah
2021-08-24 23:09:36 | [matt.#5555] (265905443086401537) Content: 💀  (https://cdn.discordapp.com/attachments/875736589836365867/879886585208901662/unknown.png)
2021-08-24 23:09:36 | [aliciaa#0069] (419127936537329681) yeah man
2021-08-24 23:09:36 | [aliciaa#0069] (419127936537329681) people be like ''my rice purity is 0 xoxoxoox''
2021-08-24 23:09:36 | [aliciaa#0069] (419127936537329681) girl...
2021-08-24 23:09:36 | [matt.#5555] (265905443086401537) Content: welp im done here  (https://cdn.discordapp.com/attachments/875736589836365867/879886656071684106/unknown.png)
2021-08-24 23:09:36 | [aliciaa#0069] (419127936537329681) HAHA
2021-08-24 23:09:36 | [aliciaa#0069] (419127936537329681) welp x
2021-08-24 23:09:36 | [jess#2274] (310454107737554954) LOL
2021-08-24 23:09:36 | [matt.#5555] (265905443086401537) sike!! i aint shane dawson
2021-08-24 23:09:36 | [rhianna#0043] (457956464326344714) oop
2021-08-24 23:09:36 | [rhianna#0043] (457956464326344714) shade
2021-08-24 23:09:36 | [MadMan#5592] (500040191130730496) Yeah im not saying mine fuck all of you
2021-08-24 23:09:36 | [aliciaa#0069] (419127936537329681) 100
2021-08-24 23:09:36 | [aliciaa#0069] (419127936537329681) blooming virgin
2021-08-24 23:09:36 | [chocfrog#6214] (237231509872967680) 10?
2021-08-24 23:09:36 | [aliciaa#0069] (419127936537329681) 0 x
2021-08-24 23:09:36 | [aliciaa#0069] (419127936537329681) rip peapo
2021-08-24 23:09:36 | [MadMan#5592] (500040191130730496) NAH
2021-08-24 23:09:36 | [rhianna#0043] (457956464326344714) 68
2021-08-24 23:09:36 | [aliciaa#0069] (419127936537329681) is that a guess anna or a result
2021-08-24 23:09:36 | [rhianna#0043] (457956464326344714) guess
2021-08-24 23:09:36 | [rhianna#0043] (457956464326344714) duh
2021-08-24 23:09:36 | [MadMan#5592] (500040191130730496) A literal parrot mate
2021-08-24 23:09:36 | [aliciaa#0069] (419127936537329681) uhh parrotlet ?? fake fan...
2021-08-24 23:09:36 | [MadMan#5592] (500040191130730496) Same thing
2021-08-24 23:09:36 | [aliciaa#0069] (419127936537329681) sorry ill stop cuse when people correct me on harry potter i begin to taste blood
2021-08-24 23:09:36 | [MadMan#5592] (500040191130730496) All im tasting is tescos fruit splash summer fruits juice drink
2021-08-24 23:09:36 | [MadMan#5592] (500040191130730496) And your mother
2021-08-24 23:09:36 | [jess#2274] (310454107737554954) is harry potter any good lol and if so which is better books or movies
2021-08-24 23:09:36 | [jess#2274] (310454107737554954) i watched when i was a kid but remember none of it so lol idk
2021-08-24 23:09:36 | [jess#2274] (310454107737554954) thatd taste like vodka
2021-08-24 23:09:36 | [MadMan#5592] (500040191130730496) Why are you making fun of <@419127936537329681> fetle alcohol syndrome
2021-08-24 23:09:36 | [jess#2274] (310454107737554954) TOMCAT SLEEP
2021-08-24 23:09:36 | [chocfrog#6214] (237231509872967680) jesscat is hot go date her now goodbye. <a:aPES_CaveGoodbye:633748260011638784>
2021-08-24 23:09:36 | [jess#2274] (310454107737554954) NO U
2021-08-24 23:09:36 | [aliciaa#0069] (419127936537329681) yeah do you mind my mum
2021-08-24 23:09:36 | [aliciaa#0069] (419127936537329681) bless i have fetal alcohol syndrom
2021-08-24 23:09:36 | [aliciaa#0069] (419127936537329681) Content: me asf  (https://cdn.discordapp.com/attachments/875736589836365867/879889687815258122/iu.png)
2021-08-24 23:09:36 | [rhianna#0043] (457956464326344714) i cant sleep
2021-08-24 23:09:36 | [aliciaa#0069] (419127936537329681) girl its 1am
2021-08-24 23:09:36 | [rhianna#0043] (457956464326344714) i know
2021-08-24 23:09:36 | [aliciaa#0069] (419127936537329681) i would reccomend a cheeky bit of asmr but if you watch the ones with talking and mouth noises idfwu
2021-08-24 23:09:36 | [rhianna#0043] (457956464326344714) i cant listen to asmr
2021-08-24 23:09:36 | [MadMan#5592] (500040191130730496) Ew where they’re all skhshskslesbsh
2021-08-24 23:09:36 | [MadMan#5592] (500040191130730496) Asmr women are weird
2021-08-24 23:09:36 | [rhianna#0043] (457956464326344714) asmr is just an absolute no go
2021-08-24 23:09:36 | [jess#2274] (310454107737554954) listen to piano
2021-08-24 23:09:36 | [jess#2274] (310454107737554954) piano is nice
2021-08-24 23:09:36 | [rhianna#0043] (457956464326344714) nonono it’s not that
2021-08-24 23:09:36 | [MadMan#5592] (500040191130730496) Tapping brushes on the mic and speaking all spitty
2021-08-24 23:09:36 | [rhianna#0043] (457956464326344714) i get scared that imma wake upto spiders crawling all over me so i cant sleep because of that
2021-08-24 23:09:36 | [jess#2274] (310454107737554954) asmr makes me feel sos sick lmfao
2021-08-24 23:09:36 | [jess#2274] (310454107737554954) why would spiders crawl all over ya ?
2021-08-24 23:09:36 | [rhianna#0043] (457956464326344714) isk
2021-08-24 23:09:36 | [jess#2274] (310454107737554954) oh like
2021-08-24 23:09:36 | [jess#2274] (310454107737554954) a fear?
2021-08-24 23:09:36 | [rhianna#0043] (457956464326344714) yeh
2021-08-24 23:09:36 | [MadMan#5592] (500040191130730496) Spiders crawl on you and it’s horrible
2021-08-24 23:09:36 | [aliciaa#0069] (419127936537329681) spiders quite frankly
2021-08-24 23:09:36 | [aliciaa#0069] (419127936537329681) and not to crush your dreams but
2021-08-24 23:09:36 | [rhianna#0043] (457956464326344714) don’t say it pls
2021-08-24 23:09:36 | [aliciaa#0069] (419127936537329681) do not care enough to be up on ya
2021-08-24 23:09:36 | [rhianna#0043] (457956464326344714) okay
2021-08-24 23:09:36 | [rhianna#0043] (457956464326344714) good
2021-08-24 23:09:36 | [aliciaa#0069] (419127936537329681) you not they type x
2021-08-24 23:09:36 | [MadMan#5592] (500040191130730496) I have nets on my windows to stop them
2021-08-24 23:09:36 | [jess#2274] (310454107737554954) i think best thing to do probs is just
2021-08-24 23:09:36 | [rhianna#0043] (457956464326344714) good
2021-08-24 23:09:36 | [jess#2274] (310454107737554954) idk
2021-08-24 23:09:36 | [chocfrog#6214] (237231509872967680) <a:ballerinaspiderman:757847746198896670>
2021-08-24 23:09:36 | [MadMan#5592] (500040191130730496) Im horribly afraid of spiders its so annoying
2021-08-24 23:09:36 | [jess#2274] (310454107737554954) i always move my hand or something when im anxious or worrying
2021-08-24 23:09:36 | [aliciaa#0069] (419127936537329681) close windows if they are open cause they could, not that they would come near you, come through there.
2021-08-24 23:09:36 | [jess#2274] (310454107737554954) or my leg
2021-08-24 23:09:36 | [rhianna#0043] (457956464326344714) i’ve been struggling to sleep the last few days because of the fear
2021-08-24 23:09:36 | [jess#2274] (310454107737554954) cus u start to focus on moving
2021-08-24 23:09:36 | [jess#2274] (310454107737554954) and not whats ur on ur mind
2021-08-24 23:09:36 | [chocfrog#6214] (237231509872967680) yes
2021-08-24 23:09:36 | [rhianna#0043] (457956464326344714) i’m not allowed to close my windows en
2021-08-24 23:09:36 | [rhianna#0043] (457956464326344714) rn*
2021-08-24 23:09:36 | [jess#2274] (310454107737554954) jam gives hugs its okay anna
2021-08-24 23:09:36 | [jess#2274] (310454107737554954) id be ded if my windows were open
2021-08-24 23:09:36 | [rhianna#0043] (457956464326344714) tyty
2021-08-24 23:09:36 | [jess#2274] (310454107737554954) idkw but bugs LOVE my blood
2021-08-24 23:09:36 | [chocfrog#6214] (237231509872967680) awww
2021-08-24 23:09:36 | [jess#2274] (310454107737554954) so if i open mh window
2021-08-24 23:09:36 | [chocfrog#6214] (237231509872967680) cute
2021-08-24 23:09:36 | [MadMan#5592] (500040191130730496) Obviously not the small ones you see in the bathroom corner but them fuck off fat big ones
2021-08-24 23:09:36 | [jess#2274] (310454107737554954) then i get about 10 bites lol
2021-08-24 23:09:36 | [chocfrog#6214] (237231509872967680) lets go
2021-08-24 23:09:36 | [jess#2274] (310454107737554954) TOMCAT SLEEP
2021-08-24 23:09:36 | [chocfrog#6214] (237231509872967680) JESSCAT
2021-08-24 23:09:36 | [chocfrog#6214] (237231509872967680) I SHALL
2021-08-24 23:09:36 | [chocfrog#6214] (237231509872967680) SORRY
2021-08-24 23:09:36 | [jess#2274] (310454107737554954) GOOD
2021-08-24 23:09:36 | [jess#2274] (310454107737554954) GOODNIGHT
2021-08-24 23:09:36 | [chocfrog#6214] (237231509872967680) xoxox
2021-08-24 23:09:36 | [chocfrog#6214] (237231509872967680) GOODBYE IG..
2021-08-24 23:09:36 | [jess#2274] (310454107737554954) LY
2021-08-24 23:09:36 | [chocfrog#6214] (237231509872967680) LY TOO
2021-08-24 23:09:36 | [MadMan#5592] (500040191130730496) Last october my mum had gotten rid of our shed and had been taking stuff to the tip
2021-08-24 23:09:36 | [MadMan#5592] (500040191130730496) I was in the car and it was night
2021-08-24 23:09:36 | [jess#2274] (310454107737554954) random question but what pronouns do u go by cus like i dont wanna be wrong idK
2021-08-24 23:09:36 | [Playguy Carterr#4713] (688767195723202678) Mon/key
2021-08-24 23:09:36 | [MadMan#5592] (500040191130730496) Literally whatever, I don’t mind
2021-08-24 23:09:36 | [jess#2274] (310454107737554954) lmao
2021-08-24 23:09:36 | [jess#2274] (310454107737554954) oke :)
2021-08-24 23:09:36 | [MadMan#5592] (500040191130730496) And i felt a weight on my arm, so i flipped it off thinking it was my hair, until i heard something land on the floor
2021-08-24 23:09:36 | [MadMan#5592] (500040191130730496) I turned on my phone and it was a fucking HUGE spider
2021-08-24 23:09:36 | [jess#2274] (310454107737554954) i hate spiders
2021-08-24 23:09:36 | [MadMan#5592] (500040191130730496) And it was on me for idek how long
2021-08-24 23:09:36 | [jess#2274] (310454107737554954) its just the way they walk
2021-08-24 23:09:36 | [Not Gator#0002] (756383660881608774) Are you in Australia
2021-08-24 23:09:36 | [jess#2274] (310454107737554954) their legs scare me the mosy
2021-08-24 23:09:36 | [jess#2274] (310454107737554954) TBF THO there are some MASSIVE spiders in uk
2021-08-24 23:09:36 | [Not Gator#0002] (756383660881608774) Never seen any
2021-08-24 23:09:36 | [MadMan#5592] (500040191130730496) I started locking and frankly hyperventilate because I just seem to be allergic to them
2021-08-24 23:09:36 | [Not Gator#0002] (756383660881608774) Just whack them
2021-08-24 23:09:36 | [jess#2274] (310454107737554954) i rememebr me and my mate were walkin to school one day and i said which way u wanna walk and he was like def not that way and i was like huh so i looked ahead of me and
2021-08-24 23:09:36 | [MadMan#5592] (500040191130730496) I have a video saved of the type of spider it was, i dont have any pictures
2021-08-24 23:09:36 | [rhianna#0043] (457956464326344714) don’t send it
2021-08-24 23:09:36 | [rhianna#0043] (457956464326344714) please
2021-08-24 23:09:36 | [Not Gator#0002] (756383660881608774) Yeah don't I need sleep
2021-08-24 23:09:36 | [jess#2274] (310454107737554954) where there was construction going on in the floor, there was a massive ass spider that came from under the floor
2021-08-24 23:09:36 | [jess#2274] (310454107737554954) and came up
2021-08-24 23:09:36 | [MadMan#5592] (500040191130730496) Let me see if the thumbnail is of it
2021-08-24 23:09:36 | [jess#2274] (310454107737554954) and was crawling towards us max speed
2021-08-24 23:09:36 | [rhianna#0043] (457956464326344714) no nust don’t send it
2021-08-24 23:09:36 | [jess#2274] (310454107737554954) so we FAN
2021-08-24 23:09:36 | [jess#2274] (310454107737554954) RAN*
2021-08-24 23:09:36 | [MadMan#5592] (500040191130730496) Alright
2021-08-24 23:09:36 | [Not Gator#0002] (756383660881608774) Also have any of you seen the pics of spider season in Australia lol
2021-08-24 23:09:36 | [Not Gator#0002] (756383660881608774) It's basically snow but spider webs
2021-08-24 23:09:36 | [jess#2274] (310454107737554954) dont send the pics here lol anna dont wanna se broskis
2021-08-24 23:09:36 | [rhianna#0043] (457956464326344714) ^^
2021-08-24 23:09:36 | [Not Gator#0002] (756383660881608774) Nah it don't include spiders
2021-08-24 23:09:36 | [Not Gator#0002] (756383660881608774) Just web
2021-08-24 23:09:36 | [jess#2274] (310454107737554954) especially as shes struggling to sleep over the thought of it so ykky
2021-08-24 23:09:36 | [MadMan#5592] (500040191130730496) On laptop cant you add a spoiler to a video
2021-08-24 23:09:36 | [Playguy Carterr#4713] (688767195723202678) https://cdn.discordapp.com/attachments/875736589836365867/879892455703601162/image0.jpg
2021-08-24 23:09:36 | [Not Gator#0002] (756383660881608774) Yeah that
2021-08-24 23:09:36 | [jess#2274] (310454107737554954) oh ive seen that
2021-08-24 23:09:36 | [rhianna#0043] (457956464326344714) just don’t send it
2021-08-24 23:09:36 | [rhianna#0043] (457956464326344714) at all
2021-08-24 23:09:36 | [jess#2274] (310454107737554954) ^
2021-08-24 23:09:36 | [rhianna#0043] (457956464326344714) i will fucking leave the disc
2021-08-24 23:09:36 | [jess#2274] (310454107737554954) es oke anna ill beat em up if they do
2021-08-24 23:09:36 | [Not Gator#0002] (756383660881608774) Their country needs to be reset
2021-08-24 23:09:36 | [jess#2274] (310454107737554954) im sure they wont though dont wory
2021-08-24 23:09:36 | [Not Gator#0002] (756383660881608774) How do those animals even live there
2021-08-24 23:09:36 | [jess#2274] (310454107737554954) NEXT CONVO TOPIC
2021-08-24 23:09:36 | [jess#2274] (310454107737554954) UHH
2021-08-24 23:09:36 | [jess#2274] (310454107737554954) WHATS EVERYONES FAV CAR
2021-08-24 23:09:36 | [aliciaa#0069] (419127936537329681) jesscat you said youd never seen harry potter
2021-08-24 23:09:36 | [Not Gator#0002] (756383660881608774) Idk but planes are cool
2021-08-24 23:09:36 | [aliciaa#0069] (419127936537329681) oh dont start with cars
2021-08-24 23:09:36 | [jess#2274] (310454107737554954) i saw it when i was much yunger but
2021-08-24 23:09:36 | [jess#2274] (310454107737554954) dont remember it
2021-08-24 23:09:36 | [jess#2274] (310454107737554954) oh boy okay next question
2021-08-24 23:09:36 | [jess#2274] (310454107737554954) uhh
2021-08-24 23:09:36 | [Not Gator#0002] (756383660881608774) Uhhhhh?
2021-08-24 23:09:36 | [jess#2274] (310454107737554954) hobbies
2021-08-24 23:09:36 | [Not Gator#0002] (756383660881608774) Good question
2021-08-24 23:09:36 | [jess#2274] (310454107737554954) what r ppls hobbies
2021-08-24 23:09:36 | [Not Gator#0002] (756383660881608774) Sitting
2021-08-24 23:09:36 | [Not Gator#0002] (756383660881608774) 😋
2021-08-24 23:09:36 | [jess#2274] (310454107737554954) lmaoo same
2021-08-24 23:09:36 | [jess#2274] (310454107737554954) i honestly only ever game or play football tbf
2021-08-24 23:09:36 | [Not Gator#0002] (756383660881608774) Damn
2021-08-24 23:09:36 | [jess#2274] (310454107737554954) <@!457956464326344714> u doin oke now btw? :)
2021-08-24 23:09:36 | [jess#2274] (310454107737554954) oh or study ^ lol i do that sometimes
2021-08-24 23:09:36 | [Not Gator#0002] (756383660881608774) I just play valorant or flight sim
2021-08-24 23:09:36 | [jess#2274] (310454107737554954) id play piano but its at my mums rip
2021-08-24 23:09:36 | [Playguy Carterr#4713] (688767195723202678) Oh I play piano sometimes
2021-08-24 23:09:36 | [Not Gator#0002] (756383660881608774) Yeah but not during summer 😔
2021-08-24 23:09:36 | [rhianna#0043] (457956464326344714) absoltuely not
2021-08-24 23:09:36 | [jess#2274] (310454107737554954) oo fair lol im guessin ur a big plane fan ?
2021-08-24 23:09:36 | [Not Gator#0002] (756383660881608774) Yes
2021-08-24 23:09:36 | [jess#2274] (310454107737554954) ooo how good r ya carter
2021-08-24 23:09:36 | [Playguy Carterr#4713] (688767195723202678) I’m shit
2021-08-24 23:09:36 | [jess#2274] (310454107737554954) and <@!457956464326344714> u can dm if ud like :) ill do my best to talk and help
2021-08-24 23:09:36 | [jess#2274] (310454107737554954) down to u
2021-08-24 23:09:36 | [jess#2274] (310454107737554954) and ahh r u new or?
2021-08-24 23:09:36 | [Playguy Carterr#4713] (688767195723202678) I bought it thinking I’d play it but I gave up
2021-08-24 23:09:36 | [jess#2274] (310454107737554954) ahh i seee
2021-08-24 23:09:36 | [jess#2274] (310454107737554954) tbff ive been the same with guitar
2021-08-24 23:09:36 | [Playguy Carterr#4713] (688767195723202678) Waste of £50
2021-08-24 23:09:36 | [Playguy Carterr#4713] (688767195723202678) I’ve got a guitar too
2021-08-24 23:09:36 | [Playguy Carterr#4713] (688767195723202678) Can’t play that either
2021-08-24 23:09:36 | [jess#2274] (310454107737554954) £50 isnt much considering its a piano 💀
2021-08-24 23:09:36 | [Playguy Carterr#4713] (688767195723202678) Nah it’s a keyboard
2021-08-24 23:09:36 | [MadMan#5592] (500040191130730496) I had a ukulele
2021-08-24 23:09:36 | [Not Gator#0002] (756383660881608774) Lmfao I bought a trash piano for 100 and after using school ones I couldn't use it it sounded terrible
2021-08-24 23:09:36 | [jess#2274] (310454107737554954) mine is worth lotss
2021-08-24 23:09:36 | [jess#2274] (310454107737554954) yeyeye thats what i mean
2021-08-24 23:09:36 | [Not Gator#0002] (756383660881608774) School pianos were sick
2021-08-24 23:09:36 | [Not Gator#0002] (756383660881608774) Mine is just meh
2021-08-24 23:09:36 | [jess#2274] (310454107737554954) school pianos were so shit for me
2021-08-24 23:09:36 | [Not Gator#0002] (756383660881608774) Doesn't even have pedals
2021-08-24 23:09:36 | [jess#2274] (310454107737554954) we had like three actual pianos which i liked but
2021-08-24 23:09:36 | [jess#2274] (310454107737554954) the rest were plastic keys and shit
2021-08-24 23:09:36 | [jess#2274] (310454107737554954) was horrible
2021-08-24 23:09:36 | [Playguy Carterr#4713] (688767195723202678) Idc that I can’t play the guitar it just looks cool in my room
2021-08-24 23:09:36 | [jess#2274] (310454107737554954) ^ fax
2021-08-24 23:09:36 | [jess#2274] (310454107737554954) i have mine next to me rn lol
2021-08-24 23:09:36 | [Not Gator#0002] (756383660881608774) A lot of songs I like to play would have had pedals being used but I didn't have pedals
2021-08-24 23:09:36 | [jess#2274] (310454107737554954) i want to learn it but i dont so idek
2021-08-24 23:09:36 | [aliciaa#0069] (419127936537329681) yeah i have an acoustic guitar thats been out of tune since precovid
2021-08-24 23:09:36 | [aliciaa#0069] (419127936537329681) its like i wanna learn but i think its just not a priority of mine rn
2021-08-24 23:09:36 | [jess#2274] (310454107737554954) ahh mine has pedal tbf and i wouldnt ever go back to playing without a pedal lmao
2021-08-24 23:09:36 | [jess#2274] (310454107737554954) and yess agreed alicia lol
2021-08-24 23:09:36 | [MadMan#5592] (500040191130730496) I was kinda made to try ukulele out by some girl who wanted me to play but I didn’t care for it
2021-08-24 23:09:36 | [MadMan#5592] (500040191130730496) I still got it though
2021-08-24 23:09:36 | [jess#2274] (310454107737554954) lmfao my cousin took my ukulele
2021-08-24 23:09:36 | [jess#2274] (310454107737554954) wasnt rlly my kinda thing tbf tho
2021-08-24 23:09:36 | [jess#2274] (310454107737554954) i just liked playing spongebob songs on it LMAO
2021-08-24 23:09:36 | [MadMan#5592] (500040191130730496) I like thinking about lobbing it over the annoying girls head tbh
2021-08-24 23:09:36 | [MadMan#5592] (500040191130730496) But the ukulele was nice looking, i was thinking of having it as decoration but now my siblings got it
2021-08-24 23:09:36 | [jess#2274] (310454107737554954) awe rip
2021-08-24 23:09:36 | [jess#2274] (310454107737554954) ngl its kinda cold tonight
2021-08-24 23:09:36 | [jess#2274] (310454107737554954) actually that mightve been because i yawned nvm
2021-08-24 23:09:36 | [rhianna#0043] (457956464326344714) no it’s cold
2021-08-24 23:09:36 | [aliciaa#0069] (419127936537329681) should have done
2021-08-24 23:09:36 | [jess#2274] (310454107737554954) oh lmaoo
2021-08-24 23:09:36 | [jess#2274] (310454107737554954) still strugglin anna?
2021-08-24 23:09:36 | [aliciaa#0069] (419127936537329681) we're talking about wattpad rn
2021-08-24 23:09:36 | [aliciaa#0069] (419127936537329681) and fanfictions haha
2021-08-24 23:09:36 | [MadMan#5592] (500040191130730496) Sounds dreadful
2021-08-24 23:09:36 | [aliciaa#0069] (419127936537329681) shut up girl
2021-08-24 23:09:36 | [MadMan#5592] (500040191130730496) Well
2021-08-24 23:09:36 | [aliciaa#0069] (419127936537329681) pinecest
2021-08-24 23:09:36 | [MadMan#5592] (500040191130730496) Ew
2021-08-24 23:09:36 | [aliciaa#0069] (419127936537329681) you can ew me all you want but i know you been all up on them dipper x readers
2021-08-24 23:09:36 | [jess#2274] (310454107737554954) ngl ive only ever read nonfiction on wattpad
2021-08-24 23:09:36 | [jess#2274] (310454107737554954) bout murderers lmfao
2021-08-24 23:09:36 | [MadMan#5592] (500040191130730496) I like cartoons and when i was younger i liked the whole fanart stuff
2021-08-24 23:09:36 | [MadMan#5592] (500040191130730496) Also fanfic, but literally only the ones that were people writing more episodes
2021-08-24 23:09:36 | [MadMan#5592] (500040191130730496) I was weirded out by shipping
2021-08-24 23:09:36 | [MadMan#5592] (500040191130730496) I would be like 9 and think “NO this wouldn’t happen in gravity falls 😡”
2021-08-24 23:09:36 | [MadMan#5592] (500040191130730496) At a fanfic of dipper getting hit by a bus
2021-08-24 23:09:36 | [jess#2274] (310454107737554954) lmfao
2021-08-24 23:09:36 | [jess#2274] (310454107737554954) never watched gravity falls tbf so uhh
2021-08-24 23:09:36 | [MadMan#5592] (500040191130730496) It’s pretty great
2021-08-24 23:09:36 | [MadMan#5592] (500040191130730496) I mean its a kids show and I watched it as a kid
2021-08-24 23:09:36 | [MadMan#5592] (500040191130730496) But its still good
2021-08-24 23:09:36 | [MadMan#5592] (500040191130730496) Like adventure time
2021-08-24 23:09:36 | [jess#2274] (310454107737554954) adventure time was amazingg
2021-08-24 23:09:36 | [jess#2274] (310454107737554954) and regular show
2021-08-24 23:09:36 | [jess#2274] (310454107737554954) and steven universe :D
2021-08-24 23:09:36 | [jess#2274] (310454107737554954) and spongebob
2021-08-24 23:09:36 | [jess#2274] (310454107737554954) kids shows r the best i stg
2021-08-24 23:09:36 | [Playguy Carterr#4713] (688767195723202678) And gumball
2021-08-24 23:09:36 | [jess#2274] (310454107737554954) yeeee
2021-08-24 23:09:36 | [abbs1#2713] (831833378881798154) Good morning baes
2021-08-24 23:09:36 | [LAGamer222#8925] (641319604270137374) Morning
2021-08-24 23:09:36 | [LAGamer222#8925] (641319604270137374) SpongeBob was an absolute legend. The only cartoon Character I could relate to, squidgy and just an annoying character...
2021-08-24 23:09:36 | [matt.#5555] (265905443086401537) squidgy…
2021-08-24 23:09:36 | [ionical#7447] (620000152974917653) those four shows were the majority of my childhood lol
2021-08-24 23:09:36 | [shayoyem#0017] (206857920279740416) talent show at 150 members? 👀
2021-08-24 23:09:36 | [iPirie#8558] (436876982794452992) thats the plan i thing
2021-08-24 23:09:36 | [shayoyem#0017] (206857920279740416) okay i’m going to start preparing my act today
2021-08-24 23:09:36 | [zoeanzalucca#4142] (761254514035523656) I have no talents
2021-08-24 23:09:36 | [chocfrog#6214] (237231509872967680) only certain people know my talents ;)
2021-08-24 23:09:36 | [shayoyem#0017] (206857920279740416) at 200 we should do a roast of
2021-08-24 23:09:36 | [zoeanzalucca#4142] (761254514035523656) now that would be entertaining
2021-08-24 23:09:36 | [shayoyem#0017] (206857920279740416) or once we get to know eachother
2021-08-24 23:09:36 | [matt.#5555] (265905443086401537) ;)
2021-08-24 23:09:36 | [LAGamer222#8925] (641319604270137374) Certainly, I have no talent whatsoever.
2021-08-24 23:09:36 | [Whippy#5392] (535414566838992906) Yes
2021-08-24 23:09:36 | [shayoyem#0017] (206857920279740416) and we could do a rap battle
2021-08-24 23:09:36 | [shayoyem#0017] (206857920279740416) i’m shayoyem
2021-08-24 23:09:36 | [shayoyem#0017] (206857920279740416) Content: <@436876982794452992>  (https://cdn.discordapp.com/attachments/875736589836365867/880044430709633024/image0.png)
2021-08-24 23:09:36 | [chocfrog#6214] (237231509872967680) lmfao i got that too when i tried visiting it
2021-08-24 23:09:36 | [chocfrog#6214] (237231509872967680) seens sus <a:AmongUsDance:755804064976994368>
2021-08-24 23:09:36 | [iPirie#8558] (436876982794452992) POOG
2021-08-24 23:09:36 | [iPirie#8558] (436876982794452992) right i need to fix that
2021-08-24 23:09:36 | [iPirie#8558] (436876982794452992) yea tht was my bad
2021-08-24 23:09:36 | [iPirie#8558] (436876982794452992) someone hijacked my vps
2021-08-24 23:09:36 | [iPirie#8558] (436876982794452992) smh
2021-08-24 23:09:36 | [iPirie#8558] (436876982794452992) oh well
2021-08-24 23:09:36 | [jess#2274] (310454107737554954) minecraft pvp
2021-08-24 23:09:36 | [jess#2274] (310454107737554954) and yes i want talent show at 150
2021-08-24 23:09:36 | [jess#2274] (310454107737554954) even tho i can do anything for it lmfao i aanna be judge
2021-08-24 23:09:36 | [chunk#6058] (623966781408542771) Talent show
2021-08-24 23:09:36 | [chunk#6058] (623966781408542771) Huh?
2021-08-24 23:09:36 | [chunk#6058] (623966781408542771) What’s this
2021-08-24 23:09:36 | [chocfrog#6214] (237231509872967680) do you want me to list the large number of talents you have...?
2021-08-24 23:09:36 | [jess#2274] (310454107737554954) i can play a piano but thats as far as it goes LOLL
2021-08-24 23:09:36 | [chocfrog#6214] (237231509872967680) lies.
2021-08-24 23:09:36 | [jess#2274] (310454107737554954) nOo i dont have anything worthy of a taleNt show
2021-08-24 23:09:36 | [jess#2274] (310454107737554954) i wonder if there are any gals who sing on this server 🤔
2021-08-24 23:09:36 | [chocfrog#6214] (237231509872967680) you wish
2021-08-24 23:09:36 | [chocfrog#6214] (237231509872967680) and dont lie :/
2021-08-24 23:09:36 | [jess#2274] (310454107737554954) nono yoU wisHh
2021-08-24 23:09:36 | [jess#2274] (310454107737554954) and wdymmmmmmmmmmm i lowkey cant think of one thing i could do besides piano
2021-08-24 23:09:36 | [jess#2274] (310454107737554954) and dont mention my singing minecraft video cus that doesnt count as talent LFMFFOJSJFJSID
2021-08-24 23:09:36 | [chocfrog#6214] (237231509872967680) looking swag
being nice
COD
BRAWLHALLA
bedwars
everything.
2021-08-24 23:09:36 | [jess#2274] (310454107737554954) LOL i cant play cod for a talent show LMAOO
2021-08-24 23:09:36 | [chocfrog#6214] (237231509872967680) piano.
2021-08-24 23:09:36 | [jess#2274] (310454107737554954) yahh but i dont have my piano silllyy
2021-08-24 23:09:36 | [jess#2274] (310454107737554954) Content: buddy says hi  (https://cdn.discordapp.com/attachments/875736589836365867/880050268325150770/image0.jpg)
2021-08-24 23:09:36 | [chocfrog#6214] (237231509872967680) cute pussy
2021-08-24 23:09:36 | [chocfrog#6214] (237231509872967680) adorable i love buddy
2021-08-24 23:09:36 | [Whippy#5392] (535414566838992906) CAt
2021-08-24 23:09:36 | [jess#2274] (310454107737554954) u like that dont ya
2021-08-24 23:09:36 | [jess#2274] (310454107737554954) time to play some cod :)
2021-08-24 23:09:36 | [chocfrog#6214] (237231509872967680) https://tenor.com/view/kermit-kermit-the-frog-daddy-gif-5368681
2021-08-24 23:09:36 | [jess#2274] (310454107737554954) oh so u gay ? ;))
2021-08-24 23:09:36 | [chocfrog#6214] (237231509872967680) only for you
2021-08-24 23:09:36 | [chocfrog#6214] (237231509872967680) o wait that doesnt make sense
2021-08-24 23:09:36 | [jess#2274] (310454107737554954) lets be lesbians together
2021-08-24 23:09:36 | [chocfrog#6214] (237231509872967680) lmfao yes deal!
2021-08-24 23:09:36 | [jess#2274] (310454107737554954) bahaha
2021-08-24 23:09:36 | [rhianna#0043] (457956464326344714) afternoon
2021-08-24 23:09:36 | [jess#2274] (310454107737554954) hey anna
2021-08-24 23:09:36 | [rhianna#0043] (457956464326344714) hey how’s you
2021-08-24 23:09:36 | [jess#2274] (310454107737554954) im doing good :) wbu?
2021-08-24 23:09:36 | [jess#2274] (310454107737554954) did u sleep well ?
2021-08-24 23:09:36 | [rhianna#0043] (457956464326344714) im okay ty and yeh i slept well but took a few hours lmai
2021-08-24 23:09:36 | [rhianna#0043] (457956464326344714) didn’t sleep till 4:30
2021-08-24 23:09:36 | [jess#2274] (310454107737554954) good to hear and well at least ya eventuallyyy slept well aha
2021-08-24 23:09:36 | [jess#2274] (310454107737554954) i slept around 4 lol
2021-08-24 23:09:36 | [rhianna#0043] (457956464326344714) ahhh that’s still late, how’d you slee
2021-08-24 23:09:36 | [rhianna#0043] (457956464326344714) o
2021-08-24 23:09:36 | [jess#2274] (310454107737554954) slept well thanks lol but yes v late lmaoo
2021-08-24 23:09:36 | [jess#2274] (310454107737554954) i was just vibing to music tbf lol
2021-08-24 23:09:36 | [rhianna#0043] (457956464326344714) honestly don’t blame you
2021-08-24 23:09:36 | [jess#2274] (310454107737554954) bahaha innit
2021-08-24 23:09:36 | [jess#2274] (310454107737554954) sorting my sleep schedule before school is gonna killlll meee
2021-08-24 23:09:36 | [rhianna#0043] (457956464326344714) mhhhhm honestly same
2021-08-24 23:09:36 | [jess#2274] (310454107737554954) i might just start trying from today lmao
2021-08-24 23:09:36 | [rhianna#0043] (457956464326344714) like i’m trying to fix it now but clearly isn’t working well
2021-08-24 23:09:36 | [jess#2274] (310454107737554954) 13 days left
2021-08-24 23:09:36 | [rhianna#0043] (457956464326344714) oh fuck yeh
2021-08-24 23:09:36 | [jess#2274] (310454107737554954) ill probs just stay up late then wake up early
2021-08-24 23:09:36 | [jess#2274] (310454107737554954) then do lots in the day
2021-08-24 23:09:36 | [jess#2274] (310454107737554954) and play football
2021-08-24 23:09:36 | [jess#2274] (310454107737554954) and just tire myself out like mad
2021-08-24 23:09:36 | [rhianna#0043] (457956464326344714) i think once you’ve woken up early and gotten used to because of being busy during the day you’ll be fine
2021-08-24 23:09:36 | [jess#2274] (310454107737554954) yeeee
2021-08-24 23:09:36 | [iPirie#8558] (436876982794452992) i meannn
2021-08-24 23:09:36 | [iPirie#8558] (436876982794452992) ok tommy
